0 info it worked if it ends with ok
1 verbose cli [ 'node', '/usr/local/bin/npm', 'run', 'lint' ]
2 info using npm@1.4.23
3 info using node@v0.10.31
4 verbose run-script [ 'prelint', 'lint', 'postlint' ]
5 info prelint react-hot@0.0.0
6 info lint react-hot@0.0.0
7 verbose unsafe-perm in lifecycle true
8 info react-hot@0.0.0 Failed to exec lint script
9 error react-hot@0.0.0 lint: `jsxhint scripts/*.jsx`
9 error Exit status 2
10 error Failed at the react-hot@0.0.0 lint script.
10 error This is most likely a problem with the react-hot package,
10 error not with npm itself.
10 error Tell the author that this fails on your system:
10 error     jsxhint scripts/*.jsx
10 error You can get their info via:
10 error     npm owner ls react-hot
10 error There is likely additional logging output above.
11 error System Darwin 14.0.0
12 error command "node" "/usr/local/bin/npm" "run" "lint"
13 error cwd /Users/danfox/ml
14 error node -v v0.10.31
15 error npm -v 1.4.23
16 error code ELIFECYCLE
17 verbose exit [ 1, true ]
